Electrostatic potential parameters

Grid information (see 1_default_grid.dat in Angstrom)
    Number of grid points:            1089

Quantum electrostatic potential (see 1_default_grid_esp.dat)

Constraints
    Charge constraints
        Total charge of   0.07053659 on the set   2
        Total charge of   0.08505897 on the set   3
        Total charge of  -0.47140623 on the set   4
        Total charge of   0.12577502 on the set   5
        Total charge of  -0.10083375 on the set   6
        Total charge of   0.36409439 on the set   7
        Total charge of  -0.49600903 on the set   8
        Total charge of  -0.04595402 on the set   9
        Total charge of   0.36252502 on the set  10
        Total charge of  -0.52858771 on the set  11
        Total charge of   0.02500928 on the set  12
        Total charge of   0.17305158 on the set  18
    Equality constraints
        Equal charges on atoms
                                 15  16  17
                                 19  20  21
                                 22  23  24

Restraint
    Hyperbolic restraint to a charge of zero
    Hydrogen atoms are not restrained
    resp_a:                           0.0010
    resp_b:                           0.1000

Fit

Electrostatic Potential Charges
   Center  Symbol       ESP      RESP
      1    C      -0.23874131 -0.20126099
      2    N       0.07053659  0.07053659
      3    C       0.08505897  0.08505897
      4    N      -0.47140623 -0.47140623
      5    C       0.12577502  0.12577502
      6    C      -0.10083375 -0.10083375
      7    C       0.36409439  0.36409439
      8    O      -0.49600903 -0.49600903
      9    N      -0.04595402 -0.04595402
     10    C       0.36252502  0.36252502
     11    O      -0.52858771 -0.52858771
     12    N       0.02500928  0.02500928
     13    C       0.03219291  0.00605424
     14    C      -0.04516936 -0.03375522
     15    H       0.12211262  0.11036582
     16    H       0.12211262  0.11036582
     17    H       0.12211262  0.11036582
     18    H       0.17305158  0.17305158
     19    H       0.04252274  0.05004293
     20    H       0.04252274  0.05004293
     21    H       0.04252274  0.05004293
     22    H       0.06485053  0.06149187
     23    H       0.06485053  0.06149187
     24    H       0.06485053  0.06149187
Total Charge:      0.00000000  0.00000000
