                      :-) GROMACS - gmx mdrun, 2020.4 (-:

                            GROMACS is written by:
     Emile Apol      Rossen Apostolov      Paul Bauer     Herman J.C. Berendsen
    Par Bjelkmar      Christian Blau   Viacheslav Bolnykh     Kevin Boyd    
 Aldert van Buuren   Rudi van Drunen     Anton Feenstra       Alan Gray     
  Gerrit Groenhof     Anca Hamuraru    Vincent Hindriksen  M. Eric Irrgang  
  Aleksei Iupinov   Christoph Junghans     Joe Jordan     Dimitrios Karkoulis
    Peter Kasson        Jiri Kraus      Carsten Kutzner      Per Larsson    
  Justin A. Lemkul    Viveca Lindahl    Magnus Lundborg     Erik Marklund   
    Pascal Merz     Pieter Meulenhoff    Teemu Murtola       Szilard Pall   
    Sander Pronk      Roland Schulz      Michael Shirts    Alexey Shvetsov  
   Alfons Sijbers     Peter Tieleman      Jon Vincent      Teemu Virolainen 
 Christian Wennberg    Maarten Wolf      Artem Zhmurov   
                           and the project leaders:
        Mark Abraham, Berk Hess, Erik Lindahl, and David van der Spoel

Copyright (c) 1991-2000, University of Groningen, The Netherlands.
Copyright (c) 2001-2019, The GROMACS development team at
Uppsala University, Stockholm University and
the Royal Institute of Technology, Sweden.
check out http://www.gromacs.org for more information.

GROMACS is free software; you can redistribute it and/or modify it
under the terms of the GNU Lesser General Public License
as published by the Free Software Foundation; either version 2.1
of the License, or (at your option) any later version.

GROMACS:      gmx mdrun, version 2020.4
Executable:   /share/apps/gromacs/2020.4/openmpi/intel/bin/gmx_mpi
Data prefix:  /share/apps/gromacs/2020.4/openmpi/intel
Working dir:  /scratch/work/courses/CHEM-GA-2671-2024fa/students/sa8200/comp-lab-class-2024/Week3-IntroToMD
Process ID:   443348
Command line:
  gmx_mpi mdrun -deffnm Setup/md

GROMACS version:    2020.4
Verified release checksum is 79c2857291b034542c26e90512b92fd4b184a1c9d6fa59c55f2e24ccf14e7281
Precision:          single
Memory model:       64 bit
MPI library:        MPI
OpenMP support:     disabled
GPU support:        disabled
SIMD instructions:  AVX_512
FFT library:        Intel MKL
RDTSCP usage:       enabled
TNG support:        enabled
Hwloc support:      disabled
Tracing support:    disabled
C compiler:         /share/apps/openmpi/4.0.5/intel/bin/mpicc Intel 19.1.2.20200623
C compiler flags:   -xCORE-AVX512 -qopt-zmm-usage=high -mkl=sequential -wd3180 -std=gnu99 -ip -funroll-all-loops -alias-const -ansi-alias -no-prec-div -fimf-domain-exclusion=14 -qoverride-limits -O3 -DNDEBUG
C++ compiler:       /share/apps/openmpi/4.0.5/intel/bin/mpicxx Intel 19.1.2.20200623
C++ compiler flags: -xCORE-AVX512 -qopt-zmm-usage=high -mkl=sequential -wd3180 -ip -funroll-all-loops -alias-const -ansi-alias -no-prec-div -fimf-domain-exclusion=14 -qoverride-limits -O3 -DNDEBUG


Running on 1 node with total 48 cores, 48 logical cores
Hardware detected on host cm007.hpc.nyu.edu (the node of MPI rank 0):
  CPU info:
    Vendor: Intel
    Brand:  Intel(R) Xeon(R) Platinum 8268 CPU @ 2.90GHz
    Family: 6   Model: 85   Stepping: 7
    Features: aes apic avx avx2 avx512f avx512cd avx512bw avx512vl clfsh cmov cx8 cx16 f16c fma htt intel lahf mmx msr nonstop_tsc pcid pclmuldq pdcm pdpe1gb popcnt pse rdrnd rdtscp sse2 sse3 sse4.1 sse4.2 ssse3 tdt x2apic
    Number of AVX-512 FMA units: 2
  Hardware topology: Only logical processor count


++++ PLEASE READ AND CITE THE FOLLOWING REFERENCE ++++
M. J. Abraham, T. Murtola, R. Schulz, S. Páll, J. C. Smith, B. Hess, E.
Lindahl
GROMACS: High performance molecular simulations through multi-level
parallelism from laptops to supercomputers
SoftwareX 1 (2015) pp. 19-25
-------- -------- --- Thank You --- -------- --------


++++ PLEASE READ AND CITE THE FOLLOWING REFERENCE ++++
S. Páll, M. J. Abraham, C. Kutzner, B. Hess, E. Lindahl
Tackling Exascale Software Challenges in Molecular Dynamics Simulations with
GROMACS
In S. Markidis & E. Laure (Eds.), Solving Software Challenges for Exascale 8759 (2015) pp. 3-27
-------- -------- --- Thank You --- -------- --------


++++ PLEASE READ AND CITE THE FOLLOWING REFERENCE ++++
S. Pronk, S. Páll, R. Schulz, P. Larsson, P. Bjelkmar, R. Apostolov, M. R.
Shirts, J. C. Smith, P. M. Kasson, D. van der Spoel, B. Hess, and E. Lindahl
GROMACS 4.5: a high-throughput and highly parallel open source molecular
simulation toolkit
Bioinformatics 29 (2013) pp. 845-54
-------- -------- --- Thank You --- -------- --------


++++ PLEASE READ AND CITE THE FOLLOWING REFERENCE ++++
B. Hess and C. Kutzner and D. van der Spoel and E. Lindahl
GROMACS 4: Algorithms for highly efficient, load-balanced, and scalable
molecular simulation
J. Chem. Theory Comput. 4 (2008) pp. 435-447
-------- -------- --- Thank You --- -------- --------


++++ PLEASE READ AND CITE THE FOLLOWING REFERENCE ++++
D. van der Spoel, E. Lindahl, B. Hess, G. Groenhof, A. E. Mark and H. J. C.
Berendsen
GROMACS: Fast, Flexible and Free
J. Comp. Chem. 26 (2005) pp. 1701-1719
-------- -------- --- Thank You --- -------- --------


++++ PLEASE READ AND CITE THE FOLLOWING REFERENCE ++++
E. Lindahl and B. Hess and D. van der Spoel
GROMACS 3.0: A package for molecular simulation and trajectory analysis
J. Mol. Mod. 7 (2001) pp. 306-317
-------- -------- --- Thank You --- -------- --------


++++ PLEASE READ AND CITE THE FOLLOWING REFERENCE ++++
H. J. C. Berendsen, D. van der Spoel and R. van Drunen
GROMACS: A message-passing parallel molecular dynamics implementation
Comp. Phys. Comm. 91 (1995) pp. 43-56
-------- -------- --- Thank You --- -------- --------


++++ PLEASE CITE THE DOI FOR THIS VERSION OF GROMACS ++++
https://doi.org/10.5281/zenodo.4054979
-------- -------- --- Thank You --- -------- --------

Input Parameters:
   integrator                     = md
   tinit                          = 0
   dt                             = 0.002
   nsteps                         = 500000
   init-step                      = 0
   simulation-part                = 1
   comm-mode                      = Linear
   nstcomm                        = 100
   bd-fric                        = 0
   ld-seed                        = 586458432
   emtol                          = 10
   emstep                         = 0.01
   niter                          = 20
   fcstep                         = 0
   nstcgsteep                     = 1000
   nbfgscorr                      = 10
   rtpi                           = 0.05
   nstxout                        = 0
   nstvout                        = 0
   nstfout                        = 0
   nstlog                         = 5000
   nstcalcenergy                  = 100
   nstenergy                      = 5000
   nstxout-compressed             = 5000
   compressed-x-precision         = 1000
   cutoff-scheme                  = Verlet
   nstlist                        = 10
   pbc                            = xyz
   periodic-molecules             = false
   verlet-buffer-tolerance        = 0.005
   rlist                          = 1
   coulombtype                    = PME
   coulomb-modifier               = Potential-shift
   rcoulomb-switch                = 0
   rcoulomb                       = 1
   epsilon-r                      = 1
   epsilon-rf                     = inf
   vdw-type                       = Cut-off
   vdw-modifier                   = Potential-shift
   rvdw-switch                    = 0
   rvdw                           = 1
   DispCorr                       = EnerPres
   table-extension                = 1
   fourierspacing                 = 0.16
   fourier-nx                     = 28
   fourier-ny                     = 28
   fourier-nz                     = 28
   pme-order                      = 4
   ewald-rtol                     = 1e-05
   ewald-rtol-lj                  = 0.001
   lj-pme-comb-rule               = Geometric
   ewald-geometry                 = 0
   epsilon-surface                = 0
   tcoupl                         = V-rescale
   nsttcouple                     = 10
   nh-chain-length                = 0
   print-nose-hoover-chain-variables = false
   pcoupl                         = Parrinello-Rahman
   pcoupltype                     = Isotropic
   nstpcouple                     = 10
   tau-p                          = 2
   compressibility (3x3):
      compressibility[    0]={ 4.50000e-05,  0.00000e+00,  0.00000e+00}
      compressibility[    1]={ 0.00000e+00,  4.50000e-05,  0.00000e+00}
      compressibility[    2]={ 0.00000e+00,  0.00000e+00,  4.50000e-05}
   ref-p (3x3):
      ref-p[    0]={ 1.00000e+00,  0.00000e+00,  0.00000e+00}
      ref-p[    1]={ 0.00000e+00,  1.00000e+00,  0.00000e+00}
      ref-p[    2]={ 0.00000e+00,  0.00000e+00,  1.00000e+00}
   refcoord-scaling               = No
   posres-com (3):
      posres-com[0]= 0.00000e+00
      posres-com[1]= 0.00000e+00
      posres-com[2]= 0.00000e+00
   posres-comB (3):
      posres-comB[0]= 0.00000e+00
      posres-comB[1]= 0.00000e+00
      posres-comB[2]= 0.00000e+00
   QMMM                           = false
   QMconstraints                  = 0
   QMMMscheme                     = 0
   MMChargeScaleFactor            = 1
qm-opts:
   ngQM                           = 0
   constraint-algorithm           = Lincs
   continuation                   = true
   Shake-SOR                      = false
   shake-tol                      = 0.0001
   lincs-order                    = 4
   lincs-iter                     = 1
   lincs-warnangle                = 30
   nwall                          = 0
   wall-type                      = 9-3
   wall-r-linpot                  = -1
   wall-atomtype[0]               = -1
   wall-atomtype[1]               = -1
   wall-density[0]                = 0
   wall-density[1]                = 0
   wall-ewald-zfac                = 3
   pull                           = false
   awh                            = false
   rotation                       = false
   interactiveMD                  = false
   disre                          = No
   disre-weighting                = Conservative
   disre-mixed                    = false
   dr-fc                          = 1000
   dr-tau                         = 0
   nstdisreout                    = 100
   orire-fc                       = 0
   orire-tau                      = 0
   nstorireout                    = 100
   free-energy                    = no
   cos-acceleration               = 0
   deform (3x3):
      deform[    0]={ 0.00000e+00,  0.00000e+00,  0.00000e+00}
      deform[    1]={ 0.00000e+00,  0.00000e+00,  0.00000e+00}
      deform[    2]={ 0.00000e+00,  0.00000e+00,  0.00000e+00}
   simulated-tempering            = false
   swapcoords                     = no
   userint1                       = 0
   userint2                       = 0
   userint3                       = 0
   userint4                       = 0
   userreal1                      = 0
   userreal2                      = 0
   userreal3                      = 0
   userreal4                      = 0
   applied-forces:
     electric-field:
       x:
         E0                       = 0
         omega                    = 0
         t0                       = 0
         sigma                    = 0
       y:
         E0                       = 0
         omega                    = 0
         t0                       = 0
         sigma                    = 0
       z:
         E0                       = 0
         omega                    = 0
         t0                       = 0
         sigma                    = 0
     density-guided-simulation:
       active                     = false
       group                      = protein
       similarity-measure         = inner-product
       atom-spreading-weight      = unity
       force-constant             = 1e+09
       gaussian-transform-spreading-width = 0.2
       gaussian-transform-spreading-range-in-multiples-of-width = 4
       reference-density-filename = reference.mrc
       nst                        = 1
       normalize-densities        = true
       adaptive-force-scaling     = false
       adaptive-force-scaling-time-constant = 4
grpopts:
   nrdf:     715.852     13809.1
   ref-t:         300         300
   tau-t:         0.1         0.1
annealing:          No          No
annealing-npoints:           0           0
   acc:	           0           0           0
   nfreeze:           N           N           N
   energygrp-flags[  0]: 0

Changing nstlist from 10 to 50, rlist from 1 to 1.118

Using 1 MPI process

Non-default thread affinity set, disabling internal thread affinity
System total charge: -0.000
Will do PME sum in reciprocal space for electrostatic interactions.

++++ PLEASE READ AND CITE THE FOLLOWING REFERENCE ++++
U. Essmann, L. Perera, M. L. Berkowitz, T. Darden, H. Lee and L. G. Pedersen 
A smooth particle mesh Ewald method
J. Chem. Phys. 103 (1995) pp. 8577-8592
-------- -------- --- Thank You --- -------- --------

Using a Gaussian width (1/beta) of 0.320163 nm for Ewald
Potential shift: LJ r^-12: -1.000e+00 r^-6: -1.000e+00, Ewald -1.000e-05
Initialized non-bonded Ewald tables, spacing: 9.33e-04 size: 1073

Generated table with 1059 data points for 1-4 COUL.
Tabscale = 500 points/nm
Generated table with 1059 data points for 1-4 LJ6.
Tabscale = 500 points/nm
Generated table with 1059 data points for 1-4 LJ12.
Tabscale = 500 points/nm

Using SIMD 4x8 nonbonded short-range kernels

Using a dual 4x8 pair-list setup updated with dynamic pruning:
  outer list: updated every 50 steps, buffer 0.118 nm, rlist 1.118 nm
  inner list: updated every 12 steps, buffer 0.003 nm, rlist 1.003 nm
At tolerance 0.005 kJ/mol/ps per atom, equivalent classical 1x1 list would be:
  outer list: updated every 50 steps, buffer 0.246 nm, rlist 1.246 nm
  inner list: updated every 12 steps, buffer 0.048 nm, rlist 1.048 nm

Using geometric Lennard-Jones combination rule

Long Range LJ corr.: <C6> 3.0996e-04


Initializing LINear Constraint Solver

++++ PLEASE READ AND CITE THE FOLLOWING REFERENCE ++++
B. Hess and H. Bekker and H. J. C. Berendsen and J. G. E. M. Fraaije
LINCS: A Linear Constraint Solver for molecular simulations
J. Comp. Chem. 18 (1997) pp. 1463-1472
-------- -------- --- Thank You --- -------- --------

The number of constraints is 136

++++ PLEASE READ AND CITE THE FOLLOWING REFERENCE ++++
S. Miyamoto and P. A. Kollman
SETTLE: An Analytical Version of the SHAKE and RATTLE Algorithms for Rigid
Water Models
J. Comp. Chem. 13 (1992) pp. 952-962
-------- -------- --- Thank You --- -------- --------


++++ PLEASE READ AND CITE THE FOLLOWING REFERENCE ++++
G. Bussi, D. Donadio and M. Parrinello
Canonical sampling through velocity rescaling
J. Chem. Phys. 126 (2007) pp. 014101
-------- -------- --- Thank You --- -------- --------

There are: 7190 Atoms
Center of mass motion removal mode is Linear
We have the following groups for center of mass motion removal:
  0:  rest

Started mdrun on rank 0 Tue Sep 24 21:53:38 2024

           Step           Time
              0        0.00000

   Energies (kJ/mol)
           Bond          Angle    Proper Dih. Ryckaert-Bell.          LJ-14
    2.41473e+02    5.32611e+02    3.72335e+01    2.91752e+02    3.99644e+02
     Coulomb-14        LJ (SR)  Disper. corr.   Coulomb (SR)   Coul. recip.
    1.81725e+03    2.03754e+04   -9.48178e+02   -1.34562e+05    6.04304e+02
      Potential    Kinetic En.   Total Energy  Conserved En.    Temperature
   -1.11210e+05    1.76941e+04   -9.35160e+04   -9.35118e+04    2.93028e+02
 Pres. DC (bar) Pressure (bar)   Constr. rmsd
   -2.22945e+02    9.82814e+01    2.17300e-06

           Step           Time
           5000       10.00000

   Energies (kJ/mol)
           Bond          Angle    Proper Dih. Ryckaert-Bell.          LJ-14
    1.71675e+02    5.62497e+02    3.02849e+01    2.73393e+02    3.84804e+02
     Coulomb-14        LJ (SR)  Disper. corr.   Coulomb (SR)   Coul. recip.
    1.82189e+03    2.04755e+04   -9.41014e+02   -1.35367e+05    5.74603e+02
      Potential    Kinetic En.   Total Energy  Conserved En.    Temperature
   -1.12013e+05    1.78254e+04   -9.41877e+04   -9.35577e+04    2.95202e+02
 Pres. DC (bar) Pressure (bar)   Constr. rmsd
   -2.19592e+02   -7.26013e+01    1.41748e-06

           Step           Time
          10000       20.00000

   Energies (kJ/mol)
           Bond          Angle    Proper Dih. Ryckaert-Bell.          LJ-14
    2.69875e+02    5.52233e+02    4.85804e+01    2.59923e+02    3.63246e+02
     Coulomb-14        LJ (SR)  Disper. corr.   Coulomb (SR)   Coul. recip.
    1.83675e+03    2.11440e+04   -9.50862e+02   -1.35488e+05    6.02836e+02
      Potential    Kinetic En.   Total Energy  Conserved En.    Temperature
   -1.11362e+05    1.79959e+04   -9.33657e+04   -9.35362e+04    2.98026e+02
 Pres. DC (bar) Pressure (bar)   Constr. rmsd
   -2.24207e+02    4.36456e+02    3.10095e-06

           Step           Time
          15000       30.00000

   Energies (kJ/mol)
           Bond          Angle    Proper Dih. Ryckaert-Bell.          LJ-14
    2.36538e+02    5.73607e+02    3.06614e+01    2.47639e+02    3.67654e+02
     Coulomb-14        LJ (SR)  Disper. corr.   Coulomb (SR)   Coul. recip.
    1.80464e+03    2.00298e+04   -9.44117e+02   -1.34213e+05    5.76685e+02
      Potential    Kinetic En.   Total Energy  Conserved En.    Temperature
   -1.11289e+05    1.78309e+04   -9.34585e+04   -9.35324e+04    2.95293e+02
 Pres. DC (bar) Pressure (bar)   Constr. rmsd
   -2.21042e+02   -4.42931e+02    2.88648e-06

           Step           Time
          20000       40.00000

   Energies (kJ/mol)
           Bond          Angle    Proper Dih. Ryckaert-Bell.          LJ-14
    2.40628e+02    6.02587e+02    4.13488e+01    2.66088e+02    3.87334e+02
     Coulomb-14        LJ (SR)  Disper. corr.   Coulomb (SR)   Coul. recip.
    1.83414e+03    2.05568e+04   -9.39764e+02   -1.34859e+05    5.99676e+02
      Potential    Kinetic En.   Total Energy  Conserved En.    Temperature
   -1.11270e+05    1.82876e+04   -9.29821e+04   -9.35169e+04    3.02857e+02
 Pres. DC (bar) Pressure (bar)   Constr. rmsd
   -2.19010e+02    1.48192e+02    2.11472e-06

           Step           Time
          25000       50.00000

   Energies (kJ/mol)
           Bond          Angle    Proper Dih. Ryckaert-Bell.          LJ-14
    2.17565e+02    6.20221e+02    3.91901e+01    2.73467e+02    3.47358e+02
     Coulomb-14        LJ (SR)  Disper. corr.   Coulomb (SR)   Coul. recip.
    1.80523e+03    2.12922e+04   -9.42208e+02   -1.35857e+05    6.38831e+02
      Potential    Kinetic En.   Total Energy  Conserved En.    Temperature
   -1.11565e+05    1.83696e+04   -9.31956e+04   -9.34976e+04    3.04214e+02
 Pres. DC (bar) Pressure (bar)   Constr. rmsd
   -2.20149e+02    3.95929e+02    2.22460e-06

           Step           Time
          30000       60.00000

   Energies (kJ/mol)
           Bond          Angle    Proper Dih. Ryckaert-Bell.          LJ-14
    2.50275e+02    6.20631e+02    3.47525e+01    2.76040e+02    3.55509e+02
     Coulomb-14        LJ (SR)  Disper. corr.   Coulomb (SR)   Coul. recip.
    1.76746e+03    2.00942e+04   -9.31489e+02   -1.34040e+05    6.16396e+02
      Potential    Kinetic En.   Total Energy  Conserved En.    Temperature
   -1.10956e+05    1.82362e+04   -9.27198e+04   -9.35026e+04    3.02005e+02
 Pres. DC (bar) Pressure (bar)   Constr. rmsd
   -2.15175e+02   -6.48502e+02    3.17418e-06

           Step           Time
          35000       70.00000

   Energies (kJ/mol)
           Bond          Angle    Proper Dih. Ryckaert-Bell.          LJ-14
    2.27417e+02    5.65297e+02    3.51553e+01    2.76684e+02    3.98395e+02
     Coulomb-14        LJ (SR)  Disper. corr.   Coulomb (SR)   Coul. recip.
    1.84584e+03    2.03965e+04   -9.37108e+02   -1.34667e+05    6.58554e+02
      Potential    Kinetic En.   Total Energy  Conserved En.    Temperature
   -1.11200e+05    1.77066e+04   -9.34932e+04   -9.34810e+04    2.93234e+02
 Pres. DC (bar) Pressure (bar)   Constr. rmsd
   -2.17776e+02   -2.89742e+01    2.97318e-06

           Step           Time
          40000       80.00000

   Energies (kJ/mol)
           Bond          Angle    Proper Dih. Ryckaert-Bell.          LJ-14
    2.21981e+02    6.04127e+02    2.78423e+01    2.42655e+02    3.43374e+02
     Coulomb-14        LJ (SR)  Disper. corr.   Coulomb (SR)   Coul. recip.
    1.80084e+03    2.03303e+04   -9.43557e+02   -1.34704e+05    6.02561e+02
      Potential    Kinetic En.   Total Energy  Conserved En.    Temperature
   -1.11474e+05    1.79843e+04   -9.34900e+04   -9.34770e+04    2.97833e+02
 Pres. DC (bar) Pressure (bar)   Constr. rmsd
   -2.20780e+02   -3.67473e+02    3.35691e-06

           Step           Time
          45000       90.00000

   Energies (kJ/mol)
           Bond          Angle    Proper Dih. Ryckaert-Bell.          LJ-14
    2.60178e+02    5.65997e+02    3.49748e+01    2.14058e+02    3.80671e+02
     Coulomb-14        LJ (SR)  Disper. corr.   Coulomb (SR)   Coul. recip.
    1.81532e+03    2.01972e+04   -9.37272e+02   -1.34274e+05    5.96479e+02
      Potential    Kinetic En.   Total Energy  Conserved En.    Temperature
   -1.11147e+05    1.81649e+04   -9.29817e+04   -9.34557e+04    3.00824e+02
 Pres. DC (bar) Pressure (bar)   Constr. rmsd
   -2.17852e+02   -4.07783e+02    2.24910e-06

           Step           Time
          50000      100.00000

   Energies (kJ/mol)
           Bond          Angle    Proper Dih. Ryckaert-Bell.          LJ-14
    2.34657e+02    5.91375e+02    3.16655e+01    2.26176e+02    3.99557e+02
     Coulomb-14        LJ (SR)  Disper. corr.   Coulomb (SR)   Coul. recip.
    1.81099e+03    2.00215e+04   -9.36027e+02   -1.34225e+05    6.02203e+02
      Potential    Kinetic En.   Total Energy  Conserved En.    Temperature
   -1.11243e+05    1.80099e+04   -9.32331e+04   -9.34302e+04    2.98257e+02
 Pres. DC (bar) Pressure (bar)   Constr. rmsd
   -2.17274e+02   -3.72401e+02    1.97094e-06

           Step           Time
          55000      110.00000

   Energies (kJ/mol)
           Bond          Angle    Proper Dih. Ryckaert-Bell.          LJ-14
    2.34174e+02    6.25813e+02    3.42097e+01    2.22050e+02    3.78964e+02
     Coulomb-14        LJ (SR)  Disper. corr.   Coulomb (SR)   Coul. recip.
    1.83968e+03    2.10924e+04   -9.35593e+02   -1.35828e+05    6.25864e+02
      Potential    Kinetic En.   Total Energy  Conserved En.    Temperature
   -1.11711e+05    1.79913e+04   -9.37195e+04   -9.34161e+04    2.97949e+02
 Pres. DC (bar) Pressure (bar)   Constr. rmsd
   -2.17073e+02    1.03932e+02    2.36780e-06

           Step           Time
          60000      120.00000

   Energies (kJ/mol)
           Bond          Angle    Proper Dih. Ryckaert-Bell.          LJ-14
    2.27325e+02    5.45549e+02    4.57938e+01    2.73778e+02    3.87723e+02
     Coulomb-14        LJ (SR)  Disper. corr.   Coulomb (SR)   Coul. recip.
    1.82959e+03    2.06646e+04   -9.27437e+02   -1.35198e+05    6.19535e+02
      Potential    Kinetic En.   Total Energy  Conserved En.    Temperature
   -1.11532e+05    1.81290e+04   -9.34027e+04   -9.34031e+04    3.00229e+02
 Pres. DC (bar) Pressure (bar)   Constr. rmsd
   -2.13309e+02   -3.45650e+02    2.66152e-06

           Step           Time
          65000      130.00000

   Energies (kJ/mol)
           Bond          Angle    Proper Dih. Ryckaert-Bell.          LJ-14
    2.19496e+02    5.73377e+02    4.58292e+01    2.47567e+02    3.60047e+02
     Coulomb-14        LJ (SR)  Disper. corr.   Coulomb (SR)   Coul. recip.
    1.79654e+03    2.05584e+04   -9.36240e+02   -1.35125e+05    6.09503e+02
      Potential    Kinetic En.   Total Energy  Conserved En.    Temperature
   -1.11651e+05    1.80451e+04   -9.36056e+04   -9.34004e+04    2.98840e+02
 Pres. DC (bar) Pressure (bar)   Constr. rmsd
   -2.17373e+02   -2.76866e+02    3.20977e-06

           Step           Time
          70000      140.00000

   Energies (kJ/mol)
           Bond          Angle    Proper Dih. Ryckaert-Bell.          LJ-14
    2.43052e+02    6.06262e+02    2.04193e+01    2.37787e+02    3.98582e+02
     Coulomb-14        LJ (SR)  Disper. corr.   Coulomb (SR)   Coul. recip.
    1.82566e+03    1.99623e+04   -9.31132e+02   -1.33994e+05    6.42284e+02
      Potential    Kinetic En.   Total Energy  Conserved En.    Temperature
   -1.10989e+05    1.82623e+04   -9.27267e+04   -9.33646e+04    3.02437e+02
 Pres. DC (bar) Pressure (bar)   Constr. rmsd
   -2.15010e+02   -3.97398e+02    2.12876e-06

           Step           Time
          75000      150.00000

   Energies (kJ/mol)
           Bond          Angle    Proper Dih. Ryckaert-Bell.          LJ-14
    2.22989e+02    5.40475e+02    4.62804e+01    2.72343e+02    3.94964e+02
     Coulomb-14        LJ (SR)  Disper. corr.   Coulomb (SR)   Coul. recip.
    1.80719e+03    2.05041e+04   -9.47596e+02   -1.34369e+05    5.78498e+02
      Potential    Kinetic En.   Total Energy  Conserved En.    Temperature
   -1.10949e+05    1.78645e+04   -9.30849e+04   -9.33470e+04    2.95850e+02
 Pres. DC (bar) Pressure (bar)   Constr. rmsd
   -2.22671e+02    1.10635e+02    1.96067e-06

           Step           Time
          80000      160.00000

   Energies (kJ/mol)
           Bond          Angle    Proper Dih. Ryckaert-Bell.          LJ-14
    2.13341e+02    5.30175e+02    3.82174e+01    2.77870e+02    3.99150e+02
     Coulomb-14        LJ (SR)  Disper. corr.   Coulomb (SR)   Coul. recip.
    1.80623e+03    2.05590e+04   -9.31544e+02   -1.35470e+05    5.83286e+02
      Potential    Kinetic En.   Total Energy  Conserved En.    Temperature
   -1.11995e+05    1.81969e+04   -9.37977e+04   -9.33433e+04    3.01354e+02
 Pres. DC (bar) Pressure (bar)   Constr. rmsd
   -2.15200e+02   -3.22553e+02    2.55469e-06

           Step           Time
          85000      170.00000

   Energies (kJ/mol)
           Bond          Angle    Proper Dih. Ryckaert-Bell.          LJ-14
    2.03732e+02    5.20284e+02    3.15723e+01    2.60832e+02    3.65114e+02
     Coulomb-14        LJ (SR)  Disper. corr.   Coulomb (SR)   Coul. recip.
    1.82601e+03    2.03882e+04   -9.41899e+02   -1.34599e+05    6.05087e+02
      Potential    Kinetic En.   Total Energy  Conserved En.    Temperature
   -1.11340e+05    1.76433e+04   -9.36965e+04   -9.33310e+04    2.92186e+02
 Pres. DC (bar) Pressure (bar)   Constr. rmsd
   -2.20005e+02   -2.15489e+02    2.84553e-06

           Step           Time
          90000      180.00000

   Energies (kJ/mol)
           Bond          Angle    Proper Dih. Ryckaert-Bell.          LJ-14
    2.07091e+02    5.77322e+02    4.32474e+01    2.60259e+02    3.83443e+02
     Coulomb-14        LJ (SR)  Disper. corr.   Coulomb (SR)   Coul. recip.
    1.82203e+03    2.05202e+04   -9.32987e+02   -1.35031e+05    6.14332e+02
      Potential    Kinetic En.   Total Energy  Conserved En.    Temperature
   -1.11536e+05    1.83307e+04   -9.32057e+04   -9.33288e+04    3.03570e+02
 Pres. DC (bar) Pressure (bar)   Constr. rmsd
   -2.15866e+02   -8.70804e+01    4.00701e-06

           Step           Time
          95000      190.00000

   Energies (kJ/mol)
           Bond          Angle    Proper Dih. Ryckaert-Bell.          LJ-14
    2.06951e+02    5.74919e+02    2.77671e+01    2.89094e+02    3.64740e+02
     Coulomb-14        LJ (SR)  Disper. corr.   Coulomb (SR)   Coul. recip.
    1.78650e+03    2.07503e+04   -9.44007e+02   -1.35594e+05    6.30575e+02
      Potential    Kinetic En.   Total Energy  Conserved En.    Temperature
   -1.11908e+05    1.79519e+04   -9.39556e+04   -9.33138e+04    2.97297e+02
 Pres. DC (bar) Pressure (bar)   Constr. rmsd
   -2.20990e+02   -1.42817e+02    2.70134e-06

           Step           Time
         100000      200.00000

   Energies (kJ/mol)
           Bond          Angle    Proper Dih. Ryckaert-Bell.          LJ-14
    1.88997e+02    6.51117e+02    4.40502e+01    2.62666e+02    3.97962e+02
     Coulomb-14        LJ (SR)  Disper. corr.   Coulomb (SR)   Coul. recip.
    1.86148e+03    2.06525e+04   -9.48155e+02   -1.35877e+05    5.85825e+02
      Potential    Kinetic En.   Total Energy  Conserved En.    Temperature
   -1.12181e+05    1.81579e+04   -9.40231e+04   -9.33153e+04    3.00708e+02
 Pres. DC (bar) Pressure (bar)   Constr. rmsd
   -2.22934e+02    1.99687e+02    3.26025e-06

           Step           Time
         105000      210.00000

   Energies (kJ/mol)
           Bond          Angle    Proper Dih. Ryckaert-Bell.          LJ-14
    2.18648e+02    6.34496e+02    3.42085e+01    2.27975e+02    3.94803e+02
     Coulomb-14        LJ (SR)  Disper. corr.   Coulomb (SR)   Coul. recip.
    1.79109e+03    2.02561e+04   -9.47477e+02   -1.34895e+05    5.90775e+02
      Potential    Kinetic En.   Total Energy  Conserved En.    Temperature
   -1.11694e+05    1.80600e+04   -9.36340e+04   -9.33126e+04    2.99086e+02
 Pres. DC (bar) Pressure (bar)   Constr. rmsd
   -2.22616e+02   -7.36662e+01    2.46776e-06

           Step           Time
         110000      220.00000

   Energies (kJ/mol)
           Bond          Angle    Proper Dih. Ryckaert-Bell.          LJ-14
    2.31405e+02    6.00405e+02    2.92133e+01    2.50922e+02    4.09254e+02
     Coulomb-14        LJ (SR)  Disper. corr.   Coulomb (SR)   Coul. recip.
    1.83434e+03    2.07352e+04   -9.39030e+02   -1.35152e+05    5.75442e+02
      Potential    Kinetic En.   Total Energy  Conserved En.    Temperature
   -1.11424e+05    1.78729e+04   -9.35515e+04   -9.32962e+04    2.95989e+02
 Pres. DC (bar) Pressure (bar)   Constr. rmsd
   -2.18669e+02    1.71409e+02    2.91900e-06

           Step           Time
         115000      230.00000

   Energies (kJ/mol)
           Bond          Angle    Proper Dih. Ryckaert-Bell.          LJ-14
    2.52725e+02    5.43596e+02    4.73415e+01    2.59660e+02    3.59991e+02
     Coulomb-14        LJ (SR)  Disper. corr.   Coulomb (SR)   Coul. recip.
    1.82537e+03    2.04937e+04   -9.39211e+02   -1.34749e+05    6.81666e+02
      Potential    Kinetic En.   Total Energy  Conserved En.    Temperature
   -1.11224e+05    1.79194e+04   -9.33046e+04   -9.32702e+04    2.96758e+02
 Pres. DC (bar) Pressure (bar)   Constr. rmsd
   -2.18753e+02   -1.72046e+02    2.16417e-06

           Step           Time
         120000      240.00000

   Energies (kJ/mol)
           Bond          Angle    Proper Dih. Ryckaert-Bell.          LJ-14
    2.14397e+02    5.99969e+02    3.67973e+01    2.49845e+02    3.89702e+02
     Coulomb-14        LJ (SR)  Disper. corr.   Coulomb (SR)   Coul. recip.
    1.80977e+03    2.09232e+04   -9.41503e+02   -1.35394e+05    6.10989e+02
      Potential    Kinetic En.   Total Energy  Conserved En.    Temperature
   -1.11501e+05    1.79585e+04   -9.35423e+04   -9.32498e+04    2.97407e+02
 Pres. DC (bar) Pressure (bar)   Constr. rmsd
   -2.19820e+02    2.97761e+02    3.12652e-06

           Step           Time
         125000      250.00000

   Energies (kJ/mol)
           Bond          Angle    Proper Dih. Ryckaert-Bell.          LJ-14
    2.28504e+02    5.69758e+02    3.78236e+01    2.43704e+02    4.09540e+02
     Coulomb-14        LJ (SR)  Disper. corr.   Coulomb (SR)   Coul. recip.
    1.84928e+03    2.05947e+04   -9.39808e+02   -1.34756e+05    6.53509e+02
      Potential    Kinetic En.   Total Energy  Conserved En.    Temperature
   -1.11109e+05    1.80693e+04   -9.30395e+04   -9.32521e+04    2.99240e+02
 Pres. DC (bar) Pressure (bar)   Constr. rmsd
   -2.19031e+02    9.57261e+01    1.95143e-06

           Step           Time
         130000      260.00000

   Energies (kJ/mol)
           Bond          Angle    Proper Dih. Ryckaert-Bell.          LJ-14
    2.01083e+02    5.77321e+02    4.30608e+01    2.44294e+02    3.93788e+02
     Coulomb-14        LJ (SR)  Disper. corr.   Coulomb (SR)   Coul. recip.
    1.82937e+03    2.08706e+04   -9.45080e+02   -1.35630e+05    5.81250e+02
      Potential    Kinetic En.   Total Energy  Conserved En.    Temperature
   -1.11835e+05    1.81464e+04   -9.36882e+04   -9.32387e+04    3.00518e+02
 Pres. DC (bar) Pressure (bar)   Constr. rmsd
   -2.21492e+02    3.66048e+02    2.18942e-06

           Step           Time
         135000      270.00000

   Energies (kJ/mol)
           Bond          Angle    Proper Dih. Ryckaert-Bell.          LJ-14
    2.44142e+02    5.72099e+02    2.42182e+01    2.51398e+02    4.00191e+02
     Coulomb-14        LJ (SR)  Disper. corr.   Coulomb (SR)   Coul. recip.
    1.83834e+03    2.01501e+04   -9.32748e+02   -1.34379e+05    6.47123e+02
      Potential    Kinetic En.   Total Energy  Conserved En.    Temperature
   -1.11184e+05    1.80224e+04   -9.31619e+04   -9.32251e+04    2.98464e+02
 Pres. DC (bar) Pressure (bar)   Constr. rmsd
   -2.15756e+02   -3.09770e+02    2.42937e-06

           Step           Time
         140000      280.00000

   Energies (kJ/mol)
           Bond          Angle    Proper Dih. Ryckaert-Bell.          LJ-14
    2.14545e+02    6.05666e+02    3.50812e+01    3.08709e+02    3.76266e+02
     Coulomb-14        LJ (SR)  Disper. corr.   Coulomb (SR)   Coul. recip.
    1.82171e+03    2.04923e+04   -9.41237e+02   -1.35081e+05    6.19005e+02
      Potential    Kinetic En.   Total Energy  Conserved En.    Temperature
   -1.11549e+05    1.82241e+04   -9.33247e+04   -9.32198e+04    3.01805e+02
 Pres. DC (bar) Pressure (bar)   Constr. rmsd
   -2.19697e+02    1.80594e+00    1.58478e-06

           Step           Time
         145000      290.00000

   Energies (kJ/mol)
           Bond          Angle    Proper Dih. Ryckaert-Bell.          LJ-14
    2.37860e+02    6.24421e+02    4.19958e+01    2.50935e+02    4.19248e+02
     Coulomb-14        LJ (SR)  Disper. corr.   Coulomb (SR)   Coul. recip.
    1.84029e+03    2.00709e+04   -9.40211e+02   -1.34427e+05    6.11020e+02
      Potential    Kinetic En.   Total Energy  Conserved En.    Temperature
   -1.11271e+05    1.81443e+04   -9.31264e+04   -9.31994e+04    3.00483e+02
 Pres. DC (bar) Pressure (bar)   Constr. rmsd
   -2.19219e+02   -1.98745e+02    2.50600e-06

           Step           Time
         150000      300.00000

   Energies (kJ/mol)
           Bond          Angle    Proper Dih. Ryckaert-Bell.          LJ-14
    2.59403e+02    5.80138e+02    2.68449e+01    3.11426e+02    3.65437e+02
     Coulomb-14        LJ (SR)  Disper. corr.   Coulomb (SR)   Coul. recip.
    1.81918e+03    2.02822e+04   -9.31370e+02   -1.34917e+05    5.73270e+02
      Potential    Kinetic En.   Total Energy  Conserved En.    Temperature
   -1.11630e+05    1.81086e+04   -9.35216e+04   -9.31847e+04    2.99892e+02
 Pres. DC (bar) Pressure (bar)   Constr. rmsd
   -2.15120e+02   -6.43266e+02    2.69076e-06

           Step           Time
         155000      310.00000

   Energies (kJ/mol)
           Bond          Angle    Proper Dih. Ryckaert-Bell.          LJ-14
    2.26492e+02    6.07246e+02    2.37168e+01    2.93635e+02    3.73767e+02
     Coulomb-14        LJ (SR)  Disper. corr.   Coulomb (SR)   Coul. recip.
    1.85549e+03    2.14211e+04   -9.45234e+02   -1.36294e+05    6.07898e+02
      Potential    Kinetic En.   Total Energy  Conserved En.    Temperature
   -1.11830e+05    1.82912e+04   -9.35387e+04   -9.31705e+04    3.02915e+02
 Pres. DC (bar) Pressure (bar)   Constr. rmsd
   -2.21564e+02    5.28396e+02    2.30240e-06

           Step           Time
         160000      320.00000

   Energies (kJ/mol)
           Bond          Angle    Proper Dih. Ryckaert-Bell.          LJ-14
    2.50169e+02    5.59975e+02    3.75738e+01    2.86055e+02    3.43257e+02
     Coulomb-14        LJ (SR)  Disper. corr.   Coulomb (SR)   Coul. recip.
    1.82285e+03    2.09896e+04   -9.38973e+02   -1.35269e+05    6.51475e+02
      Potential    Kinetic En.   Total Energy  Conserved En.    Temperature
   -1.11267e+05    1.81116e+04   -9.31557e+04   -9.31578e+04    2.99941e+02
 Pres. DC (bar) Pressure (bar)   Constr. rmsd
   -2.18642e+02   -3.22395e+00    2.77619e-06

           Step           Time
         165000      330.00000

   Energies (kJ/mol)
           Bond          Angle    Proper Dih. Ryckaert-Bell.          LJ-14
    2.37291e+02    5.78381e+02    4.03433e+01    3.01090e+02    3.95924e+02
     Coulomb-14        LJ (SR)  Disper. corr.   Coulomb (SR)   Coul. recip.
    1.86537e+03    2.15014e+04   -9.30053e+02   -1.35921e+05    6.18573e+02
      Potential    Kinetic En.   Total Energy  Conserved En.    Temperature
   -1.11313e+05    1.82351e+04   -9.30779e+04   -9.31358e+04    3.01987e+02
 Pres. DC (bar) Pressure (bar)   Constr. rmsd
   -2.14513e+02    5.02768e+02    2.46509e-06

Writing checkpoint, step 169450 at Tue Sep 24 22:08:38 2024


           Step           Time
         170000      340.00000

   Energies (kJ/mol)
           Bond          Angle    Proper Dih. Ryckaert-Bell.          LJ-14
    2.09004e+02    5.80112e+02    3.79840e+01    2.72015e+02    3.93256e+02
     Coulomb-14        LJ (SR)  Disper. corr.   Coulomb (SR)   Coul. recip.
    1.85706e+03    2.11091e+04   -9.45406e+02   -1.35733e+05    6.06001e+02
      Potential    Kinetic En.   Total Energy  Conserved En.    Temperature
   -1.11613e+05    1.79972e+04   -9.36162e+04   -9.31257e+04    2.98048e+02
 Pres. DC (bar) Pressure (bar)   Constr. rmsd
   -2.21645e+02    6.95828e+02    1.99209e-06

           Step           Time
         175000      350.00000

   Energies (kJ/mol)
           Bond          Angle    Proper Dih. Ryckaert-Bell.          LJ-14
    1.89507e+02    5.77319e+02    3.05711e+01    2.78252e+02    4.26577e+02
     Coulomb-14        LJ (SR)  Disper. corr.   Coulomb (SR)   Coul. recip.
    1.87313e+03    2.06631e+04   -9.33142e+02   -1.35209e+05    6.31216e+02
      Potential    Kinetic En.   Total Energy  Conserved En.    Temperature
   -1.11473e+05    1.79230e+04   -9.35497e+04   -9.31209e+04    2.96818e+02
 Pres. DC (bar) Pressure (bar)   Constr. rmsd
   -2.15938e+02    1.21964e+02    3.19953e-06

